0 info it worked if it ends with ok
1 verbose cli [ '/usr/bin/nodejs', '/usr/bin/npm', 'install', '-g', 'grunt-cli' ]
2 info using npm@1.3.10
3 info using node@v0.10.25
4 verbose cache add [ 'grunt-cli', null ]
5 verbose cache add name=undefined spec="grunt-cli" args=["grunt-cli",null]
6 verbose parsed url { protocol: null,
6 verbose parsed url   slashes: null,
6 verbose parsed url   auth: null,
6 verbose parsed url   host: null,
6 verbose parsed url   port: null,
6 verbose parsed url   hostname: null,
6 verbose parsed url   hash: null,
6 verbose parsed url   search: null,
6 verbose parsed url   query: null,
6 verbose parsed url   pathname: 'grunt-cli',
6 verbose parsed url   path: 'grunt-cli',
6 verbose parsed url   href: 'grunt-cli' }
7 silly lockFile 671ef8ac-grunt-cli grunt-cli
8 verbose lock grunt-cli /home/prutha/.npm/671ef8ac-grunt-cli.lock
9 silly lockFile 671ef8ac-grunt-cli grunt-cli
10 silly lockFile 671ef8ac-grunt-cli grunt-cli
11 verbose addNamed [ 'grunt-cli', '' ]
12 verbose addNamed [ null, '*' ]
13 silly lockFile d63f3d0b-grunt-cli grunt-cli@
14 verbose lock grunt-cli@ /home/prutha/.npm/d63f3d0b-grunt-cli.lock
15 silly addNameRange { name: 'grunt-cli', range: '*', hasData: false }
16 verbose url raw grunt-cli
17 verbose url resolving [ 'https://registry.npmjs.org/', './grunt-cli' ]
18 verbose url resolved https://registry.npmjs.org/grunt-cli
19 info trying registry request attempt 1 at 02:31:07
20 http GET https://registry.npmjs.org/grunt-cli
21 info retry will retry, error on last attempt: Error: connect ETIMEDOUT
22 info trying registry request attempt 2 at 02:33:25
23 http GET https://registry.npmjs.org/grunt-cli
24 http 200 https://registry.npmjs.org/grunt-cli
25 silly registry.get cb [ 200,
25 silly registry.get   { server: 'CouchDB/1.5.0 (Erlang OTP/R16B03)',
25 silly registry.get     etag: '"7Q15TK4Y4L679HL7KVOXTMOZX"',
25 silly registry.get     'content-type': 'application/json',
25 silly registry.get     'cache-control': 'max-age=300',
25 silly registry.get     'content-length': '22384',
25 silly registry.get     'accept-ranges': 'bytes',
25 silly registry.get     date: 'Thu, 04 Feb 2016 07:33:26 GMT',
25 silly registry.get     via: '1.1 varnish',
25 silly registry.get     age: '129',
25 silly registry.get     connection: 'keep-alive',
25 silly registry.get     'x-served-by': 'cache-iad2143-IAD',
25 silly registry.get     'x-cache': 'HIT',
25 silly registry.get     'x-cache-hits': '1',
25 silly registry.get     'x-timer': 'S1454571206.009775,VS0,VE0',
25 silly registry.get     vary: 'Accept' } ]
26 silly addNameRange number 2 { name: 'grunt-cli', range: '*', hasData: true }
27 silly addNameRange versions [ 'grunt-cli',
27 silly addNameRange   [ '0.1.0',
27 silly addNameRange     '0.1.1',
27 silly addNameRange     '0.1.2',
27 silly addNameRange     '0.1.3',
27 silly addNameRange     '0.1.4',
27 silly addNameRange     '0.1.5',
27 silly addNameRange     '0.1.6',
27 silly addNameRange     '0.1.7',
27 silly addNameRange     '0.1.8',
27 silly addNameRange     '0.1.9',
27 silly addNameRange     '0.1.10',
27 silly addNameRange     '0.1.11',
27 silly addNameRange     '0.1.12',
27 silly addNameRange     '0.1.13' ] ]
28 verbose addNamed [ 'grunt-cli', '0.1.13' ]
29 verbose addNamed [ '0.1.13', '0.1.13' ]
30 silly lockFile 28997503-grunt-cli-0-1-13 grunt-cli@0.1.13
31 verbose lock grunt-cli@0.1.13 /home/prutha/.npm/28997503-grunt-cli-0-1-13.lock
32 silly lockFile ab76c46e-g-grunt-cli-grunt-cli-0-1-13-tgz https://registry.npmjs.org/grunt-cli/-/grunt-cli-0.1.13.tgz
33 verbose lock https://registry.npmjs.org/grunt-cli/-/grunt-cli-0.1.13.tgz /home/prutha/.npm/ab76c46e-g-grunt-cli-grunt-cli-0-1-13-tgz.lock
34 verbose addRemoteTarball [ 'https://registry.npmjs.org/grunt-cli/-/grunt-cli-0.1.13.tgz',
34 verbose addRemoteTarball   'e9ebc4047631f5012d922770c39378133cad10f4' ]
35 info retry fetch attempt 1 at 02:33:25
36 verbose fetch to= /home/prutha/tmp/npm-9596-C3OZEeFQ/1454571205512-0.5545602964702994/tmp.tgz
37 http GET https://registry.npmjs.org/grunt-cli/-/grunt-cli-0.1.13.tgz
38 error fetch failed https://registry.npmjs.org/grunt-cli/-/grunt-cli-0.1.13.tgz
39 info retry will retry, error on last attempt: Error: connect ETIMEDOUT
40 info retry fetch attempt 2 at 02:35:42
41 verbose fetch to= /home/prutha/tmp/npm-9596-C3OZEeFQ/1454571205512-0.5545602964702994/tmp.tgz
42 http GET https://registry.npmjs.org/grunt-cli/-/grunt-cli-0.1.13.tgz
43 http 200 https://registry.npmjs.org/grunt-cli/-/grunt-cli-0.1.13.tgz
44 verbose tar unpack /home/prutha/tmp/npm-9596-C3OZEeFQ/1454571205512-0.5545602964702994/tmp.tgz
45 silly lockFile 8a8db992-05512-0-5545602964702994-package tar:///home/prutha/tmp/npm-9596-C3OZEeFQ/1454571205512-0.5545602964702994/package
46 verbose lock tar:///home/prutha/tmp/npm-9596-C3OZEeFQ/1454571205512-0.5545602964702994/package /home/prutha/.npm/8a8db992-05512-0-5545602964702994-package.lock
47 silly lockFile 3ce7a1a2-05512-0-5545602964702994-tmp-tgz tar:///home/prutha/tmp/npm-9596-C3OZEeFQ/1454571205512-0.5545602964702994/tmp.tgz
48 verbose lock tar:///home/prutha/tmp/npm-9596-C3OZEeFQ/1454571205512-0.5545602964702994/tmp.tgz /home/prutha/.npm/3ce7a1a2-05512-0-5545602964702994-tmp-tgz.lock
49 silly gunzTarPerm modes [ '755', '644' ]
50 silly gunzTarPerm extractEntry package.json
51 silly gunzTarPerm extractEntry .npmignore
52 silly gunzTarPerm extractEntry README.md
53 silly gunzTarPerm extractEntry Gruntfile.js
54 silly gunzTarPerm extractEntry .travis.yml
55 silly gunzTarPerm extractEntry AUTHORS
56 silly gunzTarPerm extractEntry LICENSE-MIT
57 silly gunzTarPerm extractEntry bin/grunt
58 silly gunzTarPerm extractEntry completion/bash
59 silly gunzTarPerm extractEntry completion/zsh
60 silly gunzTarPerm extractEntry lib/cli.js
61 silly gunzTarPerm extractEntry lib/completion.js
62 silly gunzTarPerm extractEntry lib/info.js
63 silly lockFile 8a8db992-05512-0-5545602964702994-package tar:///home/prutha/tmp/npm-9596-C3OZEeFQ/1454571205512-0.5545602964702994/package
64 silly lockFile 8a8db992-05512-0-5545602964702994-package tar:///home/prutha/tmp/npm-9596-C3OZEeFQ/1454571205512-0.5545602964702994/package
65 silly lockFile 3ce7a1a2-05512-0-5545602964702994-tmp-tgz tar:///home/prutha/tmp/npm-9596-C3OZEeFQ/1454571205512-0.5545602964702994/tmp.tgz
66 silly lockFile 3ce7a1a2-05512-0-5545602964702994-tmp-tgz tar:///home/prutha/tmp/npm-9596-C3OZEeFQ/1454571205512-0.5545602964702994/tmp.tgz
67 verbose tar pack [ '/home/prutha/.npm/grunt-cli/0.1.13/package.tgz',
67 verbose tar pack   '/home/prutha/tmp/npm-9596-C3OZEeFQ/1454571205512-0.5545602964702994/package' ]
68 verbose tarball /home/prutha/.npm/grunt-cli/0.1.13/package.tgz
69 verbose folder /home/prutha/tmp/npm-9596-C3OZEeFQ/1454571205512-0.5545602964702994/package
70 silly lockFile 8a8db992-05512-0-5545602964702994-package tar:///home/prutha/tmp/npm-9596-C3OZEeFQ/1454571205512-0.5545602964702994/package
71 verbose lock tar:///home/prutha/tmp/npm-9596-C3OZEeFQ/1454571205512-0.5545602964702994/package /home/prutha/.npm/8a8db992-05512-0-5545602964702994-package.lock
72 silly lockFile 8989c51d-npm-grunt-cli-0-1-13-package-tgz tar:///home/prutha/.npm/grunt-cli/0.1.13/package.tgz
73 verbose lock tar:///home/prutha/.npm/grunt-cli/0.1.13/package.tgz /home/prutha/.npm/8989c51d-npm-grunt-cli-0-1-13-package-tgz.lock
74 silly lockFile 8a8db992-05512-0-5545602964702994-package tar:///home/prutha/tmp/npm-9596-C3OZEeFQ/1454571205512-0.5545602964702994/package
75 silly lockFile 8a8db992-05512-0-5545602964702994-package tar:///home/prutha/tmp/npm-9596-C3OZEeFQ/1454571205512-0.5545602964702994/package
76 silly lockFile 8989c51d-npm-grunt-cli-0-1-13-package-tgz tar:///home/prutha/.npm/grunt-cli/0.1.13/package.tgz
77 silly lockFile 8989c51d-npm-grunt-cli-0-1-13-package-tgz tar:///home/prutha/.npm/grunt-cli/0.1.13/package.tgz
78 silly lockFile 4ef41006-tha-npm-grunt-cli-0-1-13-package /home/prutha/.npm/grunt-cli/0.1.13/package
79 verbose lock /home/prutha/.npm/grunt-cli/0.1.13/package /home/prutha/.npm/4ef41006-tha-npm-grunt-cli-0-1-13-package.lock
80 silly lockFile 4ef41006-tha-npm-grunt-cli-0-1-13-package /home/prutha/.npm/grunt-cli/0.1.13/package
81 silly lockFile 4ef41006-tha-npm-grunt-cli-0-1-13-package /home/prutha/.npm/grunt-cli/0.1.13/package
82 verbose tar unpack /home/prutha/.npm/grunt-cli/0.1.13/package.tgz
83 silly lockFile 3af835f2-tha-npm-grunt-cli-0-1-13-package tar:///home/prutha/.npm/grunt-cli/0.1.13/package
84 verbose lock tar:///home/prutha/.npm/grunt-cli/0.1.13/package /home/prutha/.npm/3af835f2-tha-npm-grunt-cli-0-1-13-package.lock
85 silly lockFile 8989c51d-npm-grunt-cli-0-1-13-package-tgz tar:///home/prutha/.npm/grunt-cli/0.1.13/package.tgz
86 verbose lock tar:///home/prutha/.npm/grunt-cli/0.1.13/package.tgz /home/prutha/.npm/8989c51d-npm-grunt-cli-0-1-13-package-tgz.lock
87 silly gunzTarPerm modes [ '755', '644' ]
88 silly gunzTarPerm extractEntry package.json
89 silly gunzTarPerm extractEntry .npmignore
90 silly gunzTarPerm extractEntry README.md
91 silly gunzTarPerm extractEntry Gruntfile.js
92 silly gunzTarPerm extractEntry .travis.yml
93 silly gunzTarPerm extractEntry AUTHORS
94 silly gunzTarPerm extractEntry LICENSE-MIT
95 silly gunzTarPerm extractEntry bin/grunt
96 silly gunzTarPerm extractEntry completion/bash
97 silly gunzTarPerm extractEntry completion/zsh
98 silly gunzTarPerm extractEntry lib/cli.js
99 silly gunzTarPerm extractEntry lib/completion.js
100 silly gunzTarPerm extractEntry lib/info.js
101 silly lockFile 3af835f2-tha-npm-grunt-cli-0-1-13-package tar:///home/prutha/.npm/grunt-cli/0.1.13/package
102 silly lockFile 3af835f2-tha-npm-grunt-cli-0-1-13-package tar:///home/prutha/.npm/grunt-cli/0.1.13/package
103 silly lockFile 8989c51d-npm-grunt-cli-0-1-13-package-tgz tar:///home/prutha/.npm/grunt-cli/0.1.13/package.tgz
104 silly lockFile 8989c51d-npm-grunt-cli-0-1-13-package-tgz tar:///home/prutha/.npm/grunt-cli/0.1.13/package.tgz
105 verbose chmod /home/prutha/.npm/grunt-cli/0.1.13/package.tgz 644
106 verbose chown /home/prutha/.npm/grunt-cli/0.1.13/package.tgz [ 1000, 1000 ]
107 silly lockFile ab76c46e-g-grunt-cli-grunt-cli-0-1-13-tgz https://registry.npmjs.org/grunt-cli/-/grunt-cli-0.1.13.tgz
108 silly lockFile ab76c46e-g-grunt-cli-grunt-cli-0-1-13-tgz https://registry.npmjs.org/grunt-cli/-/grunt-cli-0.1.13.tgz
109 silly lockFile 28997503-grunt-cli-0-1-13 grunt-cli@0.1.13
110 silly lockFile 28997503-grunt-cli-0-1-13 grunt-cli@0.1.13
111 silly lockFile d63f3d0b-grunt-cli grunt-cli@
112 silly lockFile d63f3d0b-grunt-cli grunt-cli@
113 silly resolved [ { name: 'grunt-cli',
113 silly resolved     description: 'The grunt command line interface.',
113 silly resolved     version: '0.1.13',
113 silly resolved     author: { name: 'Grunt Team' },
113 silly resolved     homepage: 'http://gruntjs.com/',
113 silly resolved     repository: { type: 'git', url: 'git://github.com/gruntjs/grunt-cli.git' },
113 silly resolved     bugs: { url: 'http://github.com/gruntjs/grunt-cli/issues' },
113 silly resolved     licenses: [ [Object] ],
113 silly resolved     bin: { grunt: 'bin/grunt' },
113 silly resolved     engines: { node: '>= 0.8.0' },
113 silly resolved     scripts: { test: 'node bin/grunt test' },
113 silly resolved     preferGlobal: true,
113 silly resolved     dependencies: { nopt: '~1.0.10', 'findup-sync': '~0.1.0', resolve: '~0.3.1' },
113 silly resolved     devDependencies: { grunt: '~0.4.0', 'grunt-contrib-jshint': '~0.2.0' },
113 silly resolved     contributors: [ [Object], [Object], [Object], [Object] ],
113 silly resolved     readme: '# grunt-cli [![Build Status](https://secure.travis-ci.org/gruntjs/grunt-cli.png?branch=master)](http://travis-ci.org/gruntjs/grunt-cli)\n> The Grunt command line interface.\n\nInstall this globally and you\'ll have access to the `grunt` command anywhere on your system.\n\n```shell\nnpm install -g grunt-cli\n```\n\n**Note:** The job of the `grunt` command is to load and run the version of Grunt you have installed locally to your project, irrespective of its version.  Starting with Grunt v0.4, you should never install Grunt itself globally.  For more information about why, [please read this](http://blog.nodejs.org/2011/03/23/npm-1-0-global-vs-local-installation).\n\nSee the [Getting Started](http://gruntjs.com/getting-started) guide for more information.\n\n## Shell tab auto-completion\nTo enable tab auto-completion for Grunt, add one of the following lines to your `~/.bashrc` or `~/.zshrc` file.\n\n```bash\n# Bash, ~/.bashrc\neval "$(grunt --completion=bash)"\n```\n\n```bash\n# Zsh, ~/.zshrc\neval "$(grunt --completion=zsh)"\n```\n\n## Installing grunt-cli locally\nIf you prefer the idiomatic Node.js method to get started with a project (`npm install && npm test`) then install grunt-cli locally with `npm install grunt-cli --save-dev`. Then add a script to your `package.json` to run the associated grunt command: `"scripts": { "test": "grunt test" } `. Now `npm test` will use the locally installed `./node_modules/.bin/grunt` executable to run your Grunt commands.\n\nTo read more about npm scripts, please visit the npm docs: [https://npmjs.org/doc/misc/npm-scripts.html](https://npmjs.org/doc/misc/npm-scripts.html).\n',
113 silly resolved     readmeFilename: 'README.md',
113 silly resolved     _id: 'grunt-cli@0.1.13',
113 silly resolved     dist: { shasum: '1ffcd7a04189110edf9da89ef7f0c12f7c89da98' },
113 silly resolved     _from: 'grunt-cli@',
113 silly resolved     _resolved: 'https://registry.npmjs.org/grunt-cli/-/grunt-cli-0.1.13.tgz' } ]
114 info install grunt-cli@0.1.13 into /usr/local/lib
115 info installOne grunt-cli@0.1.13
116 info /usr/local/lib/node_modules/grunt-cli unbuild
117 verbose tar unpack /home/prutha/.npm/grunt-cli/0.1.13/package.tgz
118 silly lockFile 466968dc-local-lib-node-modules-grunt-cli tar:///usr/local/lib/node_modules/grunt-cli
119 verbose lock tar:///usr/local/lib/node_modules/grunt-cli /home/prutha/.npm/466968dc-local-lib-node-modules-grunt-cli.lock
120 silly lockFile 8989c51d-npm-grunt-cli-0-1-13-package-tgz tar:///home/prutha/.npm/grunt-cli/0.1.13/package.tgz
121 verbose lock tar:///home/prutha/.npm/grunt-cli/0.1.13/package.tgz /home/prutha/.npm/8989c51d-npm-grunt-cli-0-1-13-package-tgz.lock
122 silly gunzTarPerm modes [ '755', '644' ]
123 error Error: EACCES, mkdir '/usr/local/lib/node_modules'
123 error  { [Error: EACCES, mkdir '/usr/local/lib/node_modules']
123 error   errno: 3,
123 error   code: 'EACCES',
123 error   path: '/usr/local/lib/node_modules',
123 error   fstream_type: 'Directory',
123 error   fstream_path: '/usr/local/lib/node_modules/grunt-cli',
123 error   fstream_class: 'DirWriter',
123 error   fstream_stack:
123 error    [ '/usr/lib/nodejs/fstream/lib/writer.js:171:23',
123 error      '/usr/lib/nodejs/mkdirp/index.js:37:53',
123 error      'Object.oncomplete (fs.js:107:15)' ] }
124 error Please try running this command again as root/Administrator.
125 error System Linux 3.13.0-32-generic
126 error command "/usr/bin/nodejs" "/usr/bin/npm" "install" "-g" "grunt-cli"
127 error cwd /home/prutha/Downloads/prutha28.github.io
128 error node -v v0.10.25
129 error npm -v 1.3.10
130 error path /usr/local/lib/node_modules
131 error fstream_path /usr/local/lib/node_modules/grunt-cli
132 error fstream_type Directory
133 error fstream_class DirWriter
134 error code EACCES
135 error errno 3
136 error stack Error: EACCES, mkdir '/usr/local/lib/node_modules'
137 error fstream_stack /usr/lib/nodejs/fstream/lib/writer.js:171:23
137 error fstream_stack /usr/lib/nodejs/mkdirp/index.js:37:53
137 error fstream_stack Object.oncomplete (fs.js:107:15)
138 verbose exit [ 3, true ]
